{
  "RSpec": {
    "coverage": {
      "/data/home/ubuntu/Desktop/edutechapp-344229-ruby/template-app/app/models/ability.rb": [
        1,
        1,
        1,
        1,
        1,
        117,
        117,
        95,
        null,
        null,
        22,
        null,
        22,
        0,
        null,
        22,
        7,
        7,
        null,
        22,
        4,
        null,
        22,
        0,
        null,
        22,
        8,
        null,
        null,
        22,
        0,
        0,
        null,
        null,
        null,
        null,
        null
      ],
      "/data/home/ubuntu/Desktop/edutechapp-344229-ruby/template-app/app/models/account_block/account.rb": [
        1,
        1,
        1,
        1,
        1,
        1,
        null,
        1,
        null,
        42,
        null,
        1,
        null,
        null,
        1,
        1,
        1,
        1,
        null,
        null,
        1,
        1,
        1,
        1,
        1,
        1,
        1,
        1,
        null,
        1,
        1,
        null,
        1,
        1,
        null,
        1,
        1,
        null,
        1,
        640,
        637,
        null,
        640,
        637,
        640,
        637,
        635,
        635,
        635,
        null,
        635,
        1,
        637,
        637,
        637,
        637,
        null,
        1,
        null,
        null,
        null,
        null,
        null,
        null,
        null,
        null,
        null,
        null,
        null,
        null,
        null,
        null,
        1,
        null,
        1,
        590,
        null,
        null,
        null,
        null,
        1,
        590,
        590,
        590,
        null,
        590,
        null,
        null,
        1,
        622,
        0,
        0,
        null,
        0,
        null,
        null,
        null,
        null,
        null
      ],
      "/data/home/ubuntu/Desktop/edutechapp-344229-ruby/template-app/app/models/account_block/application_record.rb": [
        1,
        1,
        1,
        null,
        null
      ],
      "/data/home/ubuntu/Desktop/edutechapp-344229-ruby/template-app/app/models/builder_base/application_record.rb": [
        1,
        1,
        1,
        1,
        null,
        null
      ],
      "/data/home/ubuntu/Desktop/edutechapp-344229-ruby/template-app/app/models/application_record.rb": [
        1,
        1,
        null
      ],
      "/data/home/ubuntu/Desktop/edutechapp-344229-ruby/template-app/app/concerns/bx_block_account_groups/patch_account_associations.rb": [
        1,
        1,
        1,
        null,
        1,
        1,
        1,
        1,
        null,
        null,
        1,
        0,
        null,
        null,
        null,
        null
      ],
      "/data/home/ubuntu/Desktop/edutechapp-344229-ruby/template-app/app/concerns/bx_block_terms_and_conditions/patch_account_block_associations.rb": [
        1,
        1,
        1,
        null,
        1,
        1,
        1,
        null,
        null,
        null,
        null,
        null
      ],
      "/data/home/ubuntu/Desktop/edutechapp-344229-ruby/template-app/app/concerns/bx_block_bulk_uploading/patch_account_block_associations.rb": [
        null,
        null,
        1,
        1,
        1,
        null,
        1,
        1,
        null,
        null,
        null
      ],
      "/data/home/ubuntu/Desktop/edutechapp-344229-ruby/template-app/app/concerns/bx_block_push_notifications/patch_account_block_associations.rb": [
        1,
        1,
        1,
        null,
        1,
        1,
        null,
        null,
        null,
        null,
        1,
        null,
        null,
        null,
        1,
        null,
        null,
        null
      ],
      "/data/home/ubuntu/Desktop/edutechapp-344229-ruby/template-app/app/concerns/bx_block_posts/patch_account_block_associations.rb": [
        1,
        1,
        1,
        null,
        1,
        1,
        1,
        null,
        null,
        null,
        null
      ],
      "/data/home/ubuntu/Desktop/edutechapp-344229-ruby/template-app/app/concerns/bx_block_like/patch_account_block_associations.rb": [
        1,
        1,
        1,
        null,
        1,
        1,
        null,
        null,
        null,
        null,
        null,
        null
      ],
      "/data/home/ubuntu/Desktop/edutechapp-344229-ruby/template-app/app/concerns/bx_block_profile_bio/patch_account_block.rb": [
        null,
        null,
        null,
        1,
        null,
        1,
        1,
        null,
        1,
        1,
        null,
        1,
        null,
        1,
        1,
        1,
        1,
        null,
        1,
        0,
        null,
        null,
        null,
        null,
        null
      ],
      "/data/home/ubuntu/Desktop/edutechapp-344229-ruby/template-app/app/concerns/bx_block_datastorage/patch_account_datastorage_association.rb": [
        1,
        1,
        1,
        null,
        1,
        1,
        null,
        null,
        null
      ],
      "/data/home/ubuntu/Desktop/edutechapp-344229-ruby/template-app/app/concerns/bx_block_language_options/patch_account_block_associations.rb": [
        1,
        1,
        1,
        null,
        1,
        1,
        null,
        null,
        1,
        null,
        null,
        1,
        null,
        null,
        null,
        null,
        null,
        null
      ],
      "/data/home/ubuntu/Desktop/edutechapp-344229-ruby/template-app/app/concerns/bx_block_content_management/patch_account_block_associations.rb": [
        1,
        1,
        1,
        null,
        1,
        1,
        null,
        1,
        null,
        1,
        null,
        1,
        null,
        1,
        null,
        1,
        null,
        1,
        1,
        null,
        1,
        null,
        null,
        null,
        null
      ],
      "/data/home/ubuntu/Desktop/edutechapp-344229-ruby/template-app/app/concerns/bx_block_attachment/patch_account_block_associations.rb": [
        1,
        1,
        1,
        null,
        1,
        1,
        1,
        null,
        null,
        null,
        null
      ],
      "/data/home/ubuntu/Desktop/edutechapp-344229-ruby/template-app/app/concern/bx_block_appointment_management/patch_account_block.rb": [
        null,
        null,
        1,
        1,
        1,
        1,
        1,
        null,
        null,
        null
      ],
      "/data/home/ubuntu/Desktop/edutechapp-344229-ruby/template-app/app/models/bx_block_location/location.rb": [
        1,
        1,
        1,
        1,
        null,
        1,
        null,
        null
      ],
      "/data/home/ubuntu/Desktop/edutechapp-344229-ruby/template-app/app/models/bx_block_location/application_record.rb": [
        1,
        1,
        1,
        null,
        null
      ],
      "/data/home/ubuntu/Desktop/edutechapp-344229-ruby/template-app/app/concerns/bx_block_profile_bio/patch_location_block.rb": [
        null,
        null,
        1,
        1,
        1,
        null,
        1,
        1,
        null,
        null,
        null
      ],
      "/data/home/ubuntu/Desktop/edutechapp-344229-ruby/template-app/app/services/bx_block_profile/update_account_validator.rb": [
        1,
        1,
        1,
        null,
        null,
        1,
        null,
        null,
        null,
        null,
        null,
        null,
        null,
        null,
        null,
        null,
        1,
        1,
        null,
        1,
        1,
        1,
        1,
        1,
        1,
        1,
        null,
        1,
        0,
        null,
        0,
        null,
        0,
        0,
        null,
        null,
        null,
        1,
        0,
        0,
        null,
        null,
        1,
        0,
        null,
        0,
        null,
        0,
        0,
        0,
        null,
        0,
        0,
        null,
        null,
        0,
        null,
        null,
        1,
        null,
        1,
        0,
        0,
        0,
        null,
        null,
        1,
        0,
        null,
        0,
        null,
        0,
        null,
        null,
        1,
        0,
        0,
        0,
        null,
        null,
        1,
        0,
        null,
        0,
        0,
        null,
        null,
        null,
        null
      ],
      "/data/home/ubuntu/Desktop/edutechapp-344229-ruby/template-app/app/services/bx_block_profile_bio/patch_update_account_validator.rb": [
        null,
        null,
        null,
        null,
        1,
        null,
        1,
        1,
        1,
        null,
        1,
        null,
        null,
        null,
        null,
        null,
        null,
        1,
        null,
        1,
        0,
        0,
        0,
        0,
        0,
        0,
        null,
        0,
        0,
        null,
        null,
        null,
        1,
        null,
        1,
        0,
        0,
        null,
        null,
        null,
        null,
        null,
        null,
        1,
        0,
        null,
        0,
        0,
        0,
        0,
        null,
        0,
        null,
        null,
        1,
        0,
        0,
        0,
        null,
        null,
        null,
        null,
        null,
        null,
        null
      ],
      "/data/home/ubuntu/Desktop/edutechapp-344229-ruby/template-app/app/concerns/bx_block_payments/patch_account_transactions_associations.rb": [
        1,
        1,
        1,
        null,
        1,
        1,
        null,
        null,
        null
      ],
      "/data/home/ubuntu/Desktop/edutechapp-344229-ruby/template-app/app/concerns/bx_block_shopping_cart/patch_account_block.rb": [
        1,
        1,
        1,
        null,
        1,
        1,
        1,
        null,
        null,
        null
      ],
      "/data/home/ubuntu/Desktop/edutechapp-344229-ruby/template-app/app/concerns/bx_block_annotations/patch_account_annotations_association.rb": [
        1,
        1,
        1,
        null,
        1,
        1,
        null,
        null,
        null
      ],
      "/data/home/ubuntu/Desktop/edutechapp-344229-ruby/template-app/app/controllers/application_controller.rb": [
        1,
        336,
        null
      ],
      "/data/home/ubuntu/Desktop/edutechapp-344229-ruby/template-app/app/helpers/bx_block_elasticsearch/articles_helper.rb": [
        1,
        null
      ],
      "/data/home/ubuntu/Desktop/edutechapp-344229-ruby/template-app/app/helpers/bx_block_elasticsearch/search_helper.rb": [
        1,
        null
      ],
      "/data/home/ubuntu/Desktop/edutechapp-344229-ruby/template-app/app/helpers/bx_block_payments/application_helper.rb": [
        1,
        1,
        null,
        null
      ],
      "/data/home/ubuntu/Desktop/edutechapp-344229-ruby/template-app/app/helpers/bx_block_profile_bio/application_helper.rb": [
        null,
        null,
        1,
        null,
        1,
        null,
        null
      ],
      "/data/home/ubuntu/Desktop/edutechapp-344229-ruby/template-app/app/helpers/bx_block_stripe_integration/application_helper.rb": [
        1,
        1,
        null,
        null
      ],
      "/data/home/ubuntu/Desktop/edutechapp-344229-ruby/template-app/app/helpers/bx_block_terms_and_conditions/application_helper.rb": [
        1,
        1,
        null,
        null
      ],
      "/data/home/ubuntu/Desktop/edutechapp-344229-ruby/template-app/app/models/admin_user.rb": [
        1,
        null,
        null,
        1,
        null,
        null,
        1,
        1,
        null,
        1,
        null,
        1,
        1,
        null,
        null,
        1,
        160,
        null,
        null,
        null,
        null,
        null,
        null,
        1,
        null,
        1,
        298,
        1,
        297,
        1,
        null,
        null,
        null
      ],
      "/data/home/ubuntu/Desktop/edutechapp-344229-ruby/template-app/app/admin/about_us.rb": [
        1,
        1,
        1,
        1,
        null,
        1,
        1,
        1,
        1,
        1,
        1,
        1,
        null,
        1,
        1,
        null,
        1,
        null,
        null,
        1,
        1,
        1,
        1,
        1,
        1,
        1,
        null,
        1,
        null,
        null,
        1,
        1,
        1,
        1,
        1,
        null,
        1,
        null,
        1,
        1,
        null,
        null,
        null,
        null
      ],
      "/data/home/ubuntu/Desktop/edutechapp-344229-ruby/template-app/app/models/bx_block_content_management/about_us.rb": [
        1,
        1,
        1,
        1,
        1,
        null,
        null,
        1,
        1,
        1,
        1,
        null,
        1,
        20,
        17,
        null,
        null,
        null,
        null
      ],
      "/data/home/ubuntu/Desktop/edutechapp-344229-ruby/template-app/app/models/bx_block_content_management/application_record.rb": [
        1,
        1,
        1,
        null,
        null
      ],
      "/data/home/ubuntu/Desktop/edutechapp-344229-ruby/template-app/app/admin/account_groups.rb": [
        1,
        1,
        1,
        1,
        1,
        null,
        null,
        1,
        null,
        null,
        null,
        null,
        null,
        null,
        1,
        null,
        null,
        null,
        1,
        1,
        1,
        null,
        1,
        0,
        0,
        0,
        0,
        0,
        0,
        null,
        null,
        1,
        1,
        null,
        1,
        0,
        0,
        0,
        0,
        null,
        0,
        null,
        null,
        null
      ],
      "/data/home/ubuntu/Desktop/edutechapp-344229-ruby/template-app/app/models/bx_block_account_groups/group.rb": [
        1,
        1,
        1,
        1,
        1,
        1,
        1,
        null,
        1,
        1,
        null,
        1,
        0,
        null,
        null,
        null
      ],
      "/data/home/ubuntu/Desktop/edutechapp-344229-ruby/template-app/app/models/bx_block_account_groups/application_record.rb": [
        1,
        1,
        1,
        null,
        null
      ],
      "/data/home/ubuntu/Desktop/edutechapp-344229-ruby/template-app/app/admin/admin_users.rb": [
        1,
        1,
        1,
        1,
        1,
        null,
        null,
        1,
        null,
        null,
        null,
        null,
        null,
        null,
        1,
        null,
        null,
        null,
        1,
        1,
        1,
        null,
        1,
        1,
        1,
        1,
        1,
        1,
        1,
        1,
        null,
        null,
        1,
        1,
        1,
        1,
        1,
        1,
        null,
        null,
        null,
        1,
        1,
        1,
        1,
        null,
        1,
        1,
        null,
        null,
        1,
        1,
        1,
        1,
        1,
        null,
        1,
        null,
        1,
        1,
        3,
        null,
        null,
        null,
        null
      ],
      "/data/home/ubuntu/Desktop/edutechapp-344229-ruby/template-app/app/admin/assignment.rb": [
        1,
        1,
        1,
        null,
        1,
        3,
        3,
        null,
        null,
        1,
        1,
        1,
        1,
        1,
        null,
        null,
        1,
        3,
        3,
        1,
        null,
        2,
        2,
        null,
        null,
        null,
        null,
        null,
        null,
        null,
        null,
        null,
        null,
        1,
        1,
        1,
        0,
        0,
        0,
        0,
        null,
        0,
        null,
        1,
        1,
        null,
        null,
        null,
        null,
        1,
        null,
        1,
        2,
        2,
        null,
        0,
        null,
        null,
        null,
        null,
        1,
        1,
        1,
        1,
        1,
        1,
        null,
        1,
        1,
        1,
        1,
        null,
        0,
        null,
        null,
        1,
        null,
        null,
        1,
        3,
        3,
        3,
        3,
        1,
        null,
        2,
        null,
        3,
        3,
        null,
        3,
        null,
        3,
        1,
        1,
        1,
        1,
        1,
        null,
        2,
        2,
        2,
        2,
        2,
        null,
        null,
        3,
        3,
        2,
        2,
        null,
        1,
        1,
        null,
        null,
        null,
        null,
        1,
        1,
        1,
        1,
        1,
        1,
        null,
        1,
        1,
        1,
        1,
        null,
        0,
        null,
        null,
        null,
        null,
        null,
        null,
        null
      ],
      "/data/home/ubuntu/Desktop/edutechapp-344229-ruby/template-app/app/models/bx_block_catalogue/assignment.rb": [
        1,
        1,
        1,
        1,
        1,
        null,
        1,
        1,
        1,
        null,
        1,
        null,
        1,
        null,
        1,
        70,
        null,
        66,
        2,
        null,
        null,
        null,
        null
      ],
      "/data/home/ubuntu/Desktop/edutechapp-344229-ruby/template-app/app/models/bx_block_catalogue/application_record.rb": [
        1,
        1,
        1,
        null,
        null
      ],
      "/data/home/ubuntu/Desktop/edutechapp-344229-ruby/template-app/app/admin/bx_block_invoice.rb": [
        1,
        null,
        null,
        1,
        1,
        null,
        1,
        null,
        1,
        null,
        1,
        0,
        0,
        0,
        0,
        0,
        0,
        0,
        0,
        0,
        0,
        null,
        0,
        0,
        0,
        0,
        null,
        null,
        null,
        null,
        null,
        1,
        0,
        0,
        0,
        0,
        0,
        0,
        0,
        0,
        0,
        0,
        0,
        0,
        0,
        0,
        0,
        0,
        0,
        0,
        null,
        null,
        0,
        0,
        0,
        0,
        0,
        null,
        null,
        null,
        null,
        1,
        0,
        0,
        0,
        0,
        0,
        0,
        null,
        null,
        null,
        0,
        null,
        null
      ],
      "/data/home/ubuntu/Desktop/edutechapp-344229-ruby/template-app/app/models/bx_block_invoice/invoice.rb": [
        1,
        1,
        1,
        1,
        1,
        1,
        1,
        null,
        1,
        0,
        null,
        0,
        null,
        0,
        null,
        null,
        null,
        null
      ],
      "/data/home/ubuntu/Desktop/edutechapp-344229-ruby/template-app/app/models/bx_block_invoice/application_record.rb": [
        1,
        1,
        1,
        null,
        null
      ],
      "/data/home/ubuntu/Desktop/edutechapp-344229-ruby/template-app/app/admin/bx_block_invoice_company.rb": [
        1,
        null,
        null,
        1,
        1,
        null,
        1,
        null,
        1,
        0,
        0,
        0,
        0,
        0,
        0,
        0,
        0,
        0,
        null,
        null,
        1,
        0,
        0,
        0,
        0,
        0,
        0,
        0,
        null,
        null,
        null,
        1,
        0,
        0,
        0,
        0,
        0,
        0,
        0,
        0,
        null,
        0,
        null,
        null
      ],
      "/data/home/ubuntu/Desktop/edutechapp-344229-ruby/template-app/app/models/bx_block_invoice/company.rb": [
        1,
        1,
        1,
        null,
        null
      ],
      "/data/home/ubuntu/Desktop/edutechapp-344229-ruby/template-app/app/admin/bx_block_invoice_order.rb": [
        1,
        null,
        null,
        1,
        1,
        null,
        1,
        null,
        1,
        0,
        0,
        0,
        0,
        0,
        0,
        0,
        0,
        0,
        0,
        null,
        0,
        0,
        0,
        0,
        0,
        0,
        0,
        0,
        null,
        null,
        0,
        null,
        null,
        1,
        0,
        0,
        0,
        0,
        0,
        0,
        0,
        0,
        0,
        0,
        0,
        null,
        0,
        0,
        0,
        0,
        null,
        null,
        0,
        0,
        0,
        0,
        0,
        0,
        0,
        0,
        0,
        null,
        null,
        null,
        null,
        null
      ],
      "/data/home/ubuntu/Desktop/edutechapp-344229-ruby/template-app/app/models/bx_block_invoice/order.rb": [
        null,
        null,
        1,
        1,
        1,
        1,
        1,
        1,
        1,
        1,
        1,
        1,
        null,
        1,
        null,
        1,
        0,
        null,
        null,
        1,
        0,
        0,
        null,
        null,
        null,
        null,
        null,
        null,
        null,
        null,
        null,
        null,
        null,
        0,
        null,
        null,
        0,
        0,
        0,
        0,
        null,
        null,
        null,
        null,
        null
      ],
      "/data/home/ubuntu/Desktop/edutechapp-344229-ruby/template-app/app/admin/bx_block_multipageforms2_user_profiles.rb": [
        1,
        null,
        1,
        null,
        null,
        null,
        null,
        null,
        null,
        1,
        null,
        null,
        null,
        1,
        null,
        null,
        null,
        null,
        null,
        null,
        null
      ],
      "/data/home/ubuntu/Desktop/edutechapp-344229-ruby/template-app/app/models/bx_block_multipageforms2/user_profile.rb": [
        1,
        1,
        1,
        1,
        null,
        1,
        null,
        null
      ],
      "/data/home/ubuntu/Desktop/edutechapp-344229-ruby/template-app/app/admin/class_divsions.rb": [
        1,
        1,
        null,
        1,
        null,
        1,
        2,
        null,
        null,
        1,
        0,
        null,
        null,
        1,
        1,
        1,
        1,
        1,
        0,
        0,
        null,
        0,
        null,
        1,
        1,
        1,
        null,
        null,
        1,
        1,
        1,
        1,
        1,
        1,
        1,
        1,
        1,
        1,
        1,
        1,
        1,
        1,
        1,
        1,
        1,
        1,
        1,
        1,
        1,
        null,
        null,
        null,
        1,
        1,
        1,
        1,
        null,
        null,
        1,
        2,
        2,
        2,
        null,
        null,
        2,
        2,
        2,
        2,
        2,
        2,
        null,
        null,
        2,
        null,
        2,
        2,
        null,
        null,
        2,
        null,
        null,
        2,
        2,
        null,
        null,
        2,
        2,
        null,
        2,
        2,
        null,
        null,
        null,
        null,
        1,
        2,
        2,
        2,
        1,
        null,
        1,
        null,
        2,
        2,
        1,
        null,
        1,
        null,
        2,
        null,
        2,
        2,
        1,
        1,
        null,
        1,
        null,
        null,
        null,
        null,
        null
      ],
      "/data/home/ubuntu/Desktop/edutechapp-344229-ruby/template-app/app/models/bx_block_categories/class_division.rb": [
        1,
        1,
        1,
        1,
        1,
        1,
        1,
        1,
        1,
        null,
        null
      ],
      "/data/home/ubuntu/Desktop/edutechapp-344229-ruby/template-app/app/models/bx_block_categories/application_record.rb": [
        null,
        null,
        1,
        1,
        1,
        null,
        null
      ],
      "/data/home/ubuntu/Desktop/edutechapp-344229-ruby/template-app/app/admin/dashboard.rb": [
        1,
        1,
        1,
        1,
        1,
        null,
        null,
        1,
        null,
        null,
        1,
        null,
        null,
        null,
        null,
        null,
        null,
        null,
        null,
        null,
        null,
        null,
        null,
        null,
        null,
        null,
        null,
        null,
        null,
        null,
        null,
        null,
        null,
        null,
        null,
        null,
        null,
        null,
        null,
        null,
        null,
        null,
        null,
        null,
        null,
        null,
        null,
        null,
        null,
        null,
        null,
        null,
        null,
        null,
        null,
        null,
        null,
        null,
        null,
        null,
        null,
        null,
        null,
        null,
        null,
        null,
        null,
        null,
        1,
        1,
        86,
        null,
        19,
        9,
        6,
        6,
        6,
        6,
        6,
        null,
        null,
        null,
        6,
        6,
        6,
        null,
        null,
        null,
        null,
        6,
        6,
        6,
        6,
        null,
        null,
        null,
        6,
        6,
        6,
        null,
        null,
        null,
        6,
        6,
        6,
        6,
        6,
        null,
        null,
        null,
        null,
        6,
        6,
        6,
        6,
        null,
        null,
        null,
        null,
        null,
        null,
        3,
        3,
        3,
        3,
        3,
        3,
        null,
        null,
        null,
        null,
        null,
        3,
        3,
        3,
        3,
        3,
        null,
        null,
        null,
        null,
        null,
        null,
        null,
        null
      ],
      "/data/home/ubuntu/Desktop/edutechapp-344229-ruby/template-app/app/admin/ebook.rb": [
        1,
        1,
        1,
        1,
        1,
        1,
        null,
        1,
        1,
        1,
        null,
        1,
        null,
        1,
        null,
        1,
        1,
        1,
        1,
        1,
        1,
        1,
        1,
        1,
        null,
        null,
        1,
        1,
        1,
        1,
        1,
        1,
        1,
        1,
        null,
        0,
        null,
        null,
        1,
        1,
        null,
        1,
        1,
        0,
        null,
        1,
        null,
        null,
        0,
        null,
        null,
        1,
        1,
        null,
        null,
        null,
        null,
        null,
        null,
        null,
        null,
        null,
        null,
        null,
        null,
        null,
        null,
        null,
        null,
        1,
        1,
        1,
        1,
        1,
        1,
        1,
        1,
        1,
        1,
        1,
        1,
        null,
        0,
        null,
        null,
        1,
        1,
        1,
        1,
        1,
        1,
        null,
        null,
        null,
        null,
        0,
        null,
        null,
        null,
        1,
        null,
        null,
        1,
        3,
        3,
        3,
        3,
        3,
        3,
        3,
        null,
        null,
        null,
        null,
        3,
        3,
        3,
        3,
        3,
        3,
        3,
        3,
        3,
        3,
        3,
        1,
        1,
        1,
        1,
        null,
        null,
        null,
        null,
        null,
        null,
        3,
        null,
        null,
        1,
        6,
        null,
        1,
        6,
        null,
        null,
        1,
        1,
        null,
        null,
        1,
        1,
        null,
        null,
        null,
        null,
        1,
        null,
        6,
        5,
        5,
        4,
        null,
        null,
        4,
        null,
        1,
        1,
        null,
        3,
        3,
        null,
        3,
        1,
        1,
        null,
        null,
        2,
        3,
        3,
        3,
        3,
        3,
        3,
        3,
        3,
        3,
        3,
        3,
        3,
        3,
        3,
        12,
        null,
        3,
        3,
        3,
        3,
        null,
        null,
        3,
        3,
        9,
        9,
        9,
        null,
        null,
        null,
        3,
        0,
        0,
        0,
        null,
        3,
        3,
        3,
        null,
        null,
        null,
        1,
        null,
        null,
        1,
        null,
        4,
        null,
        null,
        1,
        1,
        null,
        12,
        4,
        4,
        null,
        8,
        null,
        3,
        3,
        3,
        3,
        null,
        9,
        9,
        9,
        null,
        null,
        null,
        null
      ],
      "/data/home/ubuntu/Desktop/edutechapp-344229-ruby/template-app/app/models/bx_block_bulk_uploading/ebook.rb": [
        null,
        1,
        1,
        1,
        1,
        1,
        1,
        null,
        1,
        1,
        1,
        1,
        1,
        null,
        1,
        1,
        null,
        1,
        1,
        1,
        1,
        1,
        1,
        1,
        1,
        1,
        1,
        1,
        1,
        1,
        1,
        1,
        1,
        null,
        null,
        1,
        0,
        null,
        null,
        null,
        null,
        null,
        null,
        null,
        null,
        null,
        null,
        null,
        1,
        null,
        1,
        159,
        0,
        null,
        null,
        null,
        1,
        159,
        null,
        0,
        null,
        null,
        1,
        115,
        null,
        null,
        null,
        null
      ],
      "/data/home/ubuntu/Desktop/edutechapp-344229-ruby/template-app/app/models/bx_block_bulk_uploading/application_record.rb": [
        null,
        null,
        1,
        1,
        1,
        null,
        null
      ],
      "/data/home/ubuntu/Desktop/edutechapp-344229-ruby/template-app/app/admin/ebook_bundles.rb": [
        1,
        1,
        null,
        1,
        null,
        1,
        1,
        1,
        1,
        1,
        1,
        1,
        null,
        1,
        1,
        null,
        1,
        null,
        null,
        1,
        1,
        1,
        1,
        1,
        1,
        1,
        1,
        1,
        1,
        1,
        null,
        1,
        null,
        null,
        null,
        null,
        null,
        1,
        null,
        null,
        1,
        1,
        1,
        1,
        1,
        1,
        1,
        1,
        null,
        null,
        null,
        null,
        0,
        null,
        null,
        1,
        1,
        1,
        1,
        1,
        1,
        null,
        1,
        1,
        null,
        1,
        1,
        1,
        1,
        1,
        null,
        null,
        null,
        null,
        null,
        null,
        null
      ],
      "/data/home/ubuntu/Desktop/edutechapp-344229-ruby/template-app/app/models/bx_block_bulk_uploading/bundle_management.rb": [
        null,
        null,
        null,
        1,
        1,
        1,
        null,
        1,
        1,
        null,
        null,
        null,
        null,
        null,
        1,
        1,
        1,
        1,
        1,
        1,
        1,
        1,
        null,
        1,
        3,
        3,
        null,
        null,
        1,
        null,
        1,
        29,
        null,
        0,
        null,
        null,
        1,
        29,
        null,
        null,
        null
      ],
      "/data/home/ubuntu/Desktop/edutechapp-344229-ruby/template-app/app/admin/faq_questions.rb": [
        1,
        1,
        1,
        null,
        1,
        null,
        1,
        1,
        1,
        1,
        1,
        null,
        1,
        1,
        null,
        1,
        null,
        null,
        1,
        1,
        1,
        1,
        null,
        1,
        null,
        null,
        1,
        1,
        1,
        null,
        1,
        null,
        1,
        1,
        null,
        null,
        null,
        null
      ],
      "/data/home/ubuntu/Desktop/edutechapp-344229-ruby/template-app/app/models/bx_block_content_management/faq_question.rb": [
        1,
        1,
        1,
        null,
        1,
        null,
        null
      ],
      "/data/home/ubuntu/Desktop/edutechapp-344229-ruby/template-app/app/admin/file_documents.rb": [
        1,
        null,
        1,
        null,
        1,
        null,
        1,
        0,
        0,
        0,
        0,
        0,
        0,
        0,
        0,
        null,
        null,
        1,
        0,
        0,
        0,
        0,
        0,
        0,
        null,
        0,
        null,
        null,
        1,
        0,
        0,
        0,
        0,
        0,
        0,
        0,
        0,
        0,
        0,
        null,
        null,
        null,
        null,
        null,
        0,
        0,
        null,
        null,
        null,
        null
      ],
      "/data/home/ubuntu/Desktop/edutechapp-344229-ruby/template-app/app/models/bx_block_datastorage/file_document.rb": [
        1,
        1,
        1,
        null,
        1,
        1,
        1,
        1,
        null,
        1,
        0,
        0,
        0,
        0,
        null,
        null,
        0,
        null,
        null,
        null
      ],
      "/data/home/ubuntu/Desktop/edutechapp-344229-ruby/template-app/app/models/bx_block_datastorage/application_record.rb": [
        1,
        1,
        1,
        null,
        null
      ],
      "/data/home/ubuntu/Desktop/edutechapp-344229-ruby/template-app/app/admin/order_managements.rb": [
        1,
        1,
        1,
        null,
        1,
        null,
        1,
        1,
        1,
        1,
        1,
        1,
        1,
        1,
        1,
        1,
        null,
        null,
        1,
        1,
        1,
        1,
        1,
        1,
        1,
        1,
        1,
        1,
        1,
        1,
        1,
        1,
        null,
        null,
        1,
        1,
        1,
        1,
        1,
        1,
        1,
        1,
        1,
        1,
        1,
        null,
        null,
        1,
        null,
        null
      ],
      "/data/home/ubuntu/Desktop/edutechapp-344229-ruby/template-app/app/models/bx_block_order_management/order.rb": [
        null,
        null,
        null,
        null,
        null,
        null,
        null,
        null,
        null,
        null,
        null,
        null,
        null,
        null,
        null,
        null,
        null,
        null,
        null,
        null,
        null,
        null,
        null,
        null,
        null,
        null,
        null,
        null,
        null,
        null,
        null,
        null,
        null,
        null,
        null,
        null,
        null,
        null,
        null,
        null,
        null,
        null,
        null,
        null,
        null,
        null,
        null,
        null,
        null,
        1,
        1,
        1,
        1,
        50,
        null,
        1,
        null,
        1,
        1,
        null,
        1,
        null,
        1,
        null,
        1,
        null,
        null,
        1,
        1,
        null,
        null,
        null,
        null,
        null,
        null,
        null,
        null,
        null,
        null,
        1,
        null,
        null,
        null,
        null,
        null,
        null,
        null,
        null,
        null,
        null,
        null,
        null,
        null,
        null,
        null,
        1,
        null,
        1,
        null,
        1,
        1,
        null,
        1,
        1,
        1,
        1,
        null,
        null,
        1,
        1,
        null,
        null,
        1,
        1,
        null,
        null,
        1,
        1,
        null,
        0,
        null,
        null,
        1,
        1,
        null,
        null,
        1,
        1,
        null,
        null,
        1,
        1,
        null,
        null,
        1,
        1,
        null,
        null,
        1,
        1,
        null,
        null,
        1,
        1,
        null,
        null,
        1,
        1,
        null,
        null,
        1,
        1,
        null,
        null,
        null,
        null,
        null,
        null,
        null,
        1,
        null,
        null,
        null,
        null,
        null,
        null,
        null,
        null,
        null,
        null,
        null,
        1,
        0,
        null,
        null,
        1,
        null,
        53,
        47,
        47,
        null,
        53,
        53,
        null,
        null,
        null,
        1,
        3,
        null,
        null,
        1,
        null,
        3,
        3,
        3,
        3,
        3,
        3,
        null,
        0,
        null,
        null,
        0,
        0,
        null,
        3,
        3,
        3,
        null,
        null,
        1,
        null,
        3,
        3,
        3,
        3,
        3,
        null,
        null,
        null,
        1,
        3,
        null,
        null,
        1,
        0,
        null,
        null,
        1,
        46,
        null,
        null,
        1,
        46,
        null,
        25,
        null,
        null,
        null,
        null
      ],
      "/data/home/ubuntu/Desktop/edutechapp-344229-ruby/template-app/app/models/bx_block_order_management/application_record.rb": [
        null,
        null,
        1,
        1,
        1,
        null,
        null
      ],
      "/data/home/ubuntu/Desktop/edutechapp-344229-ruby/template-app/app/admin/publishers.rb": [
        1,
        86,
        null,
        1,
        1,
        1,
        null,
        1,
        1,
        4,
        null,
        null,
        1,
        1,
        1,
        1,
        null,
        null,
        1,
        1,
        1,
        1,
        1,
        1,
        1,
        null,
        null,
        null,
        1,
        1,
        1,
        4,
        null,
        1,
        4,
        null,
        1,
        4,
        null,
        1,
        1,
        1,
        1,
        1,
        null,
        null,
        1,
        1,
        1,
        1,
        null,
        1,
        1,
        null,
        1,
        1,
        null,
        1,
        1,
        1,
        1,
        null,
        null,
        null,
        1,
        2,
        2,
        2,
        2,
        2,
        2,
        0,
        null,
        2,
        2,
        2,
        null,
        2,
        null,
        null
      ],
      "/data/home/ubuntu/Desktop/edutechapp-344229-ruby/template-app/app/admin/role.rb": [
        1,
        1,
        null,
        1,
        1,
        null,
        1,
        1,
        1,
        1,
        1,
        null,
        null,
        null,
        1,
        1,
        1,
        null,
        null,
        1,
        1,
        1,
        null,
        null,
        null,
        1,
        0,
        0,
        null,
        0,
        null,
        null
      ],
      "/data/home/ubuntu/Desktop/edutechapp-344229-ruby/template-app/app/models/bx_block_roles_permissions/role.rb": [
        1,
        1,
        1,
        null,
        1,
        null,
        1,
        null,
        null,
        null,
        null
      ],
      "/data/home/ubuntu/Desktop/edutechapp-344229-ruby/template-app/app/models/bx_block_roles_permissions/application_record.rb": [
        1,
        1,
        1,
        null,
        null
      ],
      "/data/home/ubuntu/Desktop/edutechapp-344229-ruby/template-app/app/admin/school_admin_analytics.rb": [
        1,
        1,
        null,
        1,
        1,
        1,
        1,
        1,
        1,
        1,
        null,
        null,
        null,
        1,
        1,
        1,
        1,
        null,
        null,
        null,
        null,
        null,
        1,
        1,
        1,
        1,
        1,
        null,
        null,
        null,
        1,
        1,
        1,
        1,
        null,
        null,
        null,
        null,
        null,
        null,
        null
      ],
      "/data/home/ubuntu/Desktop/edutechapp-344229-ruby/template-app/app/admin/school_admin_permission.rb": [
        1,
        1,
        1,
        null,
        1,
        1,
        1,
        1,
        null,
        null,
        1,
        1,
        null,
        null,
        null,
        null,
        null,
        null,
        null,
        1,
        1,
        1,
        1,
        null,
        null,
        null,
        null,
        1,
        1,
        2,
        null,
        null,
        null,
        1,
        1,
        1,
        4,
        null,
        1,
        4,
        null,
        1,
        4,
        null,
        1,
        4,
        null,
        1,
        1,
        null,
        null,
        1,
        1,
        1,
        1,
        null,
        1,
        1,
        null,
        1,
        1,
        null,
        1,
        1,
        null,
        1,
        null,
        null,
        null,
        null
      ],
      "/data/home/ubuntu/Desktop/edutechapp-344229-ruby/template-app/app/admin/school_admins.rb": [
        1,
        1,
        1,
        1,
        1,
        null,
        1,
        1,
        null,
        null,
        1,
        1,
        5,
        null,
        null,
        1,
        1,
        1,
        1,
        1,
        null,
        null,
        1,
        1,
        1,
        1,
        1,
        null,
        1,
        null,
        null,
        1,
        1,
        1,
        0,
        null,
        1,
        null,
        null,
        null,
        null,
        1,
        1,
        1,
        0,
        0,
        null,
        1,
        null,
        null,
        null,
        null,
        null,
        1,
        1,
        1,
        4,
        null,
        1,
        4,
        null,
        1,
        4,
        null,
        1,
        4,
        null,
        1,
        1,
        null,
        null,
        1,
        1,
        1,
        1,
        null,
        1,
        1,
        null,
        1,
        1,
        null,
        1,
        1,
        null,
        1,
        null,
        null,
        null,
        1,
        1,
        1,
        1,
        1,
        1,
        1,
        0,
        null,
        1,
        null,
        null,
        1,
        1,
        null,
        null,
        null
      ],
      "/data/home/ubuntu/Desktop/edutechapp-344229-ruby/template-app/app/admin/school_class.rb": [
        1,
        1,
        null,
        1,
        null,
        1,
        4,
        4,
        3,
        null,
        1,
        null,
        null,
        null,
        1,
        3,
        3,
        3,
        null,
        null,
        null,
        1,
        1,
        3,
        3,
        3,
        3,
        5,
        5,
        5,
        5,
        null,
        null,
        3,
        3,
        3,
        3,
        null,
        null,
        1,
        3,
        8,
        8,
        3,
        1,
        1,
        1,
        2,
        1,
        1,
        1,
        null,
        1,
        null,
        null,
        1,
        4,
        8,
        8,
        4,
        1,
        1,
        1,
        3,
        1,
        1,
        1,
        null,
        2,
        null,
        null,
        null,
        1,
        1,
        1,
        1,
        null,
        1,
        null,
        1,
        null,
        null,
        1,
        1,
        1,
        1,
        null,
        1,
        1,
        1,
        1,
        null,
        null,
        null,
        null,
        1,
        5,
        5,
        3,
        null,
        2,
        null,
        5,
        2,
        null,
        3,
        null,
        5,
        null,
        null,
        5,
        5,
        9,
        9,
        9,
        2,
        7,
        5,
        null,
        2,
        null,
        9,
        null,
        5,
        null,
        null,
        5,
        5,
        2,
        2,
        null,
        3,
        3,
        null,
        null,
        null,
        null,
        null
      ],
      "/data/home/ubuntu/Desktop/edutechapp-344229-ruby/template-app/app/models/bx_block_categories/school_class.rb": [
        1,
        1,
        1,
        1,
        1,
        1,
        1,
        1,
        1,
        null,
        1,
        1,
        166,
        null,
        null,
        null
      ],
      "/data/home/ubuntu/Desktop/edutechapp-344229-ruby/template-app/app/admin/schools.rb": [
        1,
        null,
        1,
        null,
        1,
        1,
        null,
        1,
        1,
        1,
        1,
        1,
        1,
        1,
        1,
        null,
        null,
        1,
        1,
        1,
        1,
        1,
        1,
        1,
        null,
        null,
        1,
        1,
        null,
        1,
        1,
        null,
        null,
        1,
        1,
        null,
        1,
        1,
        null,
        null,
        1,
        1,
        null,
        1,
        1,
        null,
        null,
        null,
        1,
        1,
        1,
        1,
        1,
        1,
        1,
        null,
        1,
        null,
        null,
        1,
        1,
        1,
        0,
        null,
        1,
        null,
        1,
        1,
        1,
        1,
        1,
        1,
        null,
        null,
        null,
        null
      ],
      "/data/home/ubuntu/Desktop/edutechapp-344229-ruby/template-app/app/models/bx_block_categories/school.rb": [
        1,
        1,
        1,
        1,
        null,
        1,
        1,
        null,
        1,
        1,
        1,
        1,
        null,
        1,
        null,
        null,
        null,
        null,
        null,
        1,
        null,
        1,
        1,
        0,
        null,
        null,
        null,
        1,
        0,
        0,
        null,
        null,
        null,
        null
      ],
      "/data/home/ubuntu/Desktop/edutechapp-344229-ruby/template-app/app/admin/students.rb": [
        1,
        1,
        1,
        null,
        1,
        1,
        null,
        1,
        3,
        2,
        1,
        1,
        null,
        null,
        null,
        1,
        null,
        null,
        null,
        null,
        1,
        7,
        7,
        null,
        0,
        null,
        null,
        null,
        1,
        1,
        1,
        1,
        null,
        null,
        1,
        2,
        2,
        2,
        2,
        2,
        2,
        null,
        null,
        1,
        2,
        2,
        2,
        2,
        null,
        0,
        null,
        null,
        null,
        null,
        1,
        1,
        1,
        0,
        0,
        null,
        1,
        null,
        null,
        null,
        null,
        null,
        1,
        1,
        1,
        4,
        null,
        1,
        1,
        4,
        null,
        1,
        4,
        null,
        1,
        4,
        null,
        null,
        1,
        4,
        null,
        1,
        null,
        null,
        1,
        1,
        1,
        1,
        null,
        1,
        1,
        1,
        null,
        1,
        1,
        null,
        null,
        1,
        1,
        null,
        null,
        1,
        1,
        null,
        null,
        null,
        null,
        1,
        2,
        2,
        null,
        2,
        1,
        null,
        1,
        null,
        2,
        2,
        1,
        1,
        1,
        null,
        2,
        2,
        1,
        1,
        1,
        null,
        2,
        2,
        2,
        2,
        0,
        null,
        2,
        2,
        null,
        2,
        2,
        null,
        null,
        null
      ],
      "/data/home/ubuntu/Desktop/edutechapp-344229-ruby/template-app/app/admin/sub_admin_user.rb": [
        1,
        1,
        1,
        1,
        1,
        null,
        null,
        null,
        null,
        null,
        null,
        null,
        null,
        null,
        1,
        null,
        null,
        null,
        1,
        1,
        1,
        1,
        null,
        1,
        2,
        2,
        2,
        2,
        2,
        2,
        2,
        null,
        2,
        2,
        2,
        2,
        2,
        null,
        null,
        1,
        3,
        null,
        1,
        1,
        1,
        null,
        1,
        1,
        null,
        null,
        1,
        1,
        1,
        1,
        1,
        1,
        1,
        null,
        null,
        1,
        null,
        null,
        null,
        1,
        1,
        null,
        1,
        1,
        1,
        1,
        1,
        1,
        null,
        1,
        null,
        null,
        1,
        1,
        3,
        null,
        null,
        null,
        null
      ],
      "/data/home/ubuntu/Desktop/edutechapp-344229-ruby/template-app/app/admin/subject.rb": [
        1,
        1,
        null,
        1,
        1,
        1,
        1,
        1,
        null,
        null,
        1,
        1,
        1,
        1,
        null,
        1,
        null,
        null,
        1,
        1,
        1,
        1,
        null,
        null,
        null,
        null
      ],
      "/data/home/ubuntu/Desktop/edutechapp-344229-ruby/template-app/app/models/bx_block_catalogue/subject.rb": [
        1,
        1,
        1,
        1,
        1,
        1,
        1,
        null,
        null
      ],
      "/data/home/ubuntu/Desktop/edutechapp-344229-ruby/template-app/app/admin/subject_managements.rb": [
        1,
        1,
        1,
        1,
        null,
        1,
        1,
        null,
        null,
        null,
        1,
        1,
        1,
        1,
        1,
        1,
        1,
        1,
        1,
        1,
        null,
        null,
        null,
        1,
        1,
        1,
        1,
        1,
        null,
        1,
        1,
        null,
        1,
        null,
        null,
        null,
        null,
        null,
        null,
        null,
        null,
        null,
        null,
        null,
        null,
        null,
        null,
        null,
        null,
        null,
        1,
        1,
        1,
        1,
        1,
        null,
        1,
        1,
        null,
        null,
        1,
        1,
        1,
        1,
        null,
        null,
        null,
        1,
        1,
        1,
        1,
        null,
        null,
        null,
        null,
        null,
        null
      ],
      "/data/home/ubuntu/Desktop/edutechapp-344229-ruby/template-app/app/models/bx_block_catalogue/subject_management.rb": [
        1,
        1,
        1,
        1,
        1,
        1,
        1,
        1,
        null,
        null
      ],
      "/data/home/ubuntu/Desktop/edutechapp-344229-ruby/template-app/app/admin/teachers.rb": [
        1,
        1,
        1,
        1,
        1,
        null,
        1,
        3,
        2,
        null,
        1,
        null,
        null,
        null,
        1,
        1,
        7,
        7,
        null,
        0,
        null,
        null,
        1,
        1,
        1,
        1,
        1,
        null,
        null,
        1,
        2,
        2,
        2,
        2,
        2,
        2,
        null,
        null,
        1,
        2,
        2,
        0,
        null,
        2,
        null,
        null,
        null,
        null,
        1,
        1,
        1,
        0,
        0,
        null,
        1,
        null,
        null,
        null,
        null,
        null,
        1,
        1,
        1,
        5,
        null,
        1,
        1,
        5,
        null,
        1,
        5,
        null,
        1,
        5,
        null,
        1,
        5,
        null,
        1,
        1,
        null,
        null,
        1,
        1,
        1,
        1,
        null,
        1,
        1,
        1,
        null,
        1,
        1,
        null,
        1,
        1,
        null,
        1,
        1,
        null,
        1,
        null,
        null,
        null,
        1,
        2,
        2,
        null,
        2,
        1,
        null,
        1,
        null,
        2,
        2,
        2,
        0,
        null,
        2,
        2,
        2,
        2,
        null,
        2,
        2,
        null,
        null,
        null
      ],
      "/data/home/ubuntu/Desktop/edutechapp-344229-ruby/template-app/app/admin/terms_and_condition.rb": [
        1,
        null,
        1,
        1,
        null,
        1,
        1,
        1,
        1,
        1,
        null,
        1,
        1,
        null,
        1,
        null,
        null,
        1,
        1,
        1,
        1,
        1,
        null,
        1,
        null,
        null,
        1,
        1,
        1,
        null,
        1,
        null,
        1,
        1,
        null,
        null,
        null,
        null
      ],
      "/data/home/ubuntu/Desktop/edutechapp-344229-ruby/template-app/app/models/bx_block_terms_and_conditions/terms_and_condition.rb": [
        1,
        1,
        1,
        null,
        null,
        1,
        1,
        1,
        1,
        null,
        1,
        1,
        null,
        null,
        null,
        null,
        null,
        1,
        29,
        15,
        null,
        null,
        null,
        1,
        1,
        null,
        1,
        0,
        0,
        0,
        null,
        0,
        null,
        null,
        null,
        null,
        null,
        null
      ],
      "/data/home/ubuntu/Desktop/edutechapp-344229-ruby/template-app/app/models/bx_block_terms_and_conditions/application_record.rb": [
        1,
        1,
        1,
        null,
        null
      ],
      "/data/home/ubuntu/Desktop/edutechapp-344229-ruby/template-app/app/admin/videos_lecture.rb": [
        1,
        1,
        1,
        null,
        1,
        3,
        3,
        null,
        null,
        1,
        1,
        1,
        1,
        1,
        null,
        null,
        1,
        1,
        1,
        0,
        null,
        1,
        1,
        null,
        null,
        null,
        null,
        1,
        2,
        2,
        0,
        0,
        null,
        2,
        null,
        null,
        null,
        null,
        1,
        null,
        1,
        1,
        1,
        null,
        0,
        null,
        null,
        null,
        null,
        null,
        1,
        1,
        1,
        1,
        1,
        1,
        null,
        1,
        1,
        1,
        null,
        1,
        null,
        null,
        1,
        2,
        2,
        2,
        2,
        1,
        null,
        1,
        null,
        2,
        2,
        null,
        2,
        1,
        1,
        1,
        1,
        1,
        1,
        1,
        1,
        null,
        1,
        0,
        null,
        1,
        1,
        1,
        1,
        1,
        1,
        1,
        null,
        null,
        2,
        2,
        1,
        1,
        null,
        1,
        1,
        null,
        null,
        null,
        null,
        1,
        1,
        1,
        1,
        1,
        1,
        null,
        1,
        1,
        1,
        null,
        1,
        1,
        null,
        null,
        null,
        null
      ],
      "/data/home/ubuntu/Desktop/edutechapp-344229-ruby/template-app/app/models/bx_block_catalogue/videos_lecture.rb": [
        1,
        1,
        1,
        1,
        1,
        1,
        null,
        1,
        null,
        1,
        55,
        53,
        null,
        2,
        null,
        null,
        null
      ],
      "/data/home/ubuntu/Desktop/edutechapp-344229-ruby/template-app/app/models/bx_block_profile/profile.rb": [
        1,
        1,
        1,
        null,
        1,
        1,
        1,
        null,
        null,
        null,
        null,
        null,
        null,
        null,
        null,
        null,
        null,
        null,
        null,
        null,
        null,
        null,
        null,
        null,
        null,
        null,
        null,
        null,
        null,
        null,
        null,
        null,
        null,
        null,
        null,
        null,
        null,
        null,
        null,
        null,
        null,
        null,
        null,
        null,
        null,
        null,
        null,
        null,
        null,
        null,
        null,
        null,
        null,
        null,
        null,
        null,
        null,
        null,
        null,
        null,
        null,
        null,
        null,
        null,
        null,
        null,
        null,
        null,
        null,
        null,
        null,
        null,
        null,
        null,
        null,
        null,
        null,
        null,
        null,
        null,
        null,
        null,
        null,
        null,
        null,
        null,
        null,
        null,
        null,
        null,
        null,
        null,
        null,
        null,
        null,
        null,
        null,
        null,
        null,
        null,
        null,
        null,
        null
      ],
      "/data/home/ubuntu/Desktop/edutechapp-344229-ruby/template-app/app/models/bx_block_profile/application_record.rb": [
        null,
        null,
        1,
        1,
        1,
        1,
        null,
        null
      ],
      "/data/home/ubuntu/Desktop/edutechapp-344229-ruby/template-app/app/mailers/account_block/email_validation_mailer.rb": [
        1,
        1,
        1,
        590,
        590,
        null,
        590,
        590,
        590,
        null,
        590,
        null,
        null,
        null,
        null,
        1180,
        null,
        null,
        null,
        1,
        null,
        1,
        590,
        null,
        null,
        null
      ],
      "/data/home/ubuntu/Desktop/edutechapp-344229-ruby/template-app/app/mailers/account_block/application_mailer.rb": [
        1,
        1,
        1,
        1,
        null,
        null
      ],
      "/data/home/ubuntu/Desktop/edutechapp-344229-ruby/template-app/app/mailers/builder_base/application_mailer.rb": [
        1,
        1,
        1,
        1,
        null,
        null
      ],
      "/data/home/ubuntu/Desktop/edutechapp-344229-ruby/template-app/app/mailers/application_mailer.rb": [
        1,
        1,
        1,
        null
      ],
      "/data/home/ubuntu/Desktop/edutechapp-344229-ruby/template-app/app/services/builder_json_web_token/json_web_token.rb": [
        1,
        1,
        1,
        null,
        1,
        1,
        1064,
        null,
        1064,
        1064,
        null,
        1064,
        null,
        1064,
        null,
        null,
        1,
        141,
        null,
        null,
        1,
        null,
        1,
        141,
        null,
        null,
        null,
        null,
        1,
        null,
        1064,
        null,
        null,
        null,
        null,
        1,
        1205,
        null,
        null,
        1,
        1205,
        null,
        null,
        null,
        1,
        141,
        141,
        141,
        141,
        null,
        null,
        1,
        null,
        1,
        0,
        0,
        0,
        null,
        null,
        null,
        1,
        0,
        null,
        null,
        1,
        0,
        0,
        null,
        null,
        null
      ],
      "/data/home/ubuntu/Desktop/edutechapp-344229-ruby/template-app/app/controllers/bx_block_documentstorage2/my_book_stores_controller.rb": [
        null,
        1,
        1,
        null,
        1,
        1,
        1,
        null,
        null,
        1,
        1,
        1,
        null,
        1,
        1,
        null,
        null,
        1,
        1,
        1,
        null,
        null,
        1,
        1,
        null,
        1,
        null,
        null,
        null,
        null,
        1,
        null,
        null,
        null,
        1,
        0,
        0,
        null,
        0,
        0,
        null,
        null,
        1,
        1,
        1,
        1,
        null,
        null,
        null,
        1,
        1,
        null,
        1,
        1,
        null,
        null,
        null,
        1,
        1,
        1,
        null,
        null,
        null,
        null,
        1,
        null,
        1,
        null,
        1,
        null,
        null,
        null,
        null,
        null,
        null,
        null,
        1,
        null,
        null,
        null,
        1,
        1,
        null,
        5,
        null,
        null,
        null,
        null,
        null,
        5,
        null,
        null,
        null,
        1,
        null,
        null,
        null,
        null,
        null,
        1,
        1,
        null,
        null,
        null
      ],
      "/data/home/ubuntu/Desktop/edutechapp-344229-ruby/template-app/app/controllers/bx_block_documentstorage2/application_controller.rb": [
        1,
        1,
        1,
        null,
        1,
        null,
        1,
        null,
        1,
        null,
        1,
        0,
        null,
        null,
        null
      ],
      "/data/home/ubuntu/Desktop/edutechapp-344229-ruby/template-app/app/controllers/builder_base/application_controller.rb": [
        1,
        1,
        1,
        1,
        null,
        1,
        1,
        null,
        null,
        null
      ],
      "/data/home/ubuntu/Desktop/edutechapp-344229-ruby/template-app/app/concerns/builder_json_web_token/json_web_token_validation.rb": [
        null,
        null,
        1,
        1,
        null,
        1,
        null,
        null,
        null,
        1,
        null,
        1,
        141,
        null,
        null,
        141,
        0,
        0,
        null,
        null,
        null,
        1,
        null,
        null,
        0,
        null,
        0,
        null,
        null,
        0,
        null,
        null,
        null,
        null,
        null
      ],
      "/data/home/ubuntu/Desktop/edutechapp-344229-ruby/template-app/app/controllers/bx_block_analytics7/publisher_analytics_controller.rb": [
        1,
        1,
        1,
        null,
        1,
        2,
        2,
        1,
        1,
        1,
        1,
        1,
        1,
        1,
        1,
        1,
        1,
        1,
        1,
        1,
        1,
        1,
        null,
        1,
        null,
        null,
        0,
        null,
        null,
        null,
        1,
        null,
        1,
        6,
        null,
        null,
        1,
        4,
        null,
        null,
        1,
        1,
        1,
        1,
        null,
        null,
        1,
        null,
        null,
        1,
        3,
        null,
        null,
        null,
        null,
        null,
        null
      ],
      "/data/home/ubuntu/Desktop/edutechapp-344229-ruby/template-app/app/controllers/bx_block_analytics7/application_controller.rb": [
        1,
        1,
        1,
        null,
        1,
        null,
        1,
        null,
        1,
        null,
        1,
        0,
        null,
        null,
        null
      ],
      "/data/home/ubuntu/Desktop/edutechapp-344229-ruby/template-app/app/controllers/bx_block_analytics7/school_admin_analytics_controller.rb": [
        1,
        1,
        1,
        null,
        1,
        2,
        2,
        1,
        1,
        1,
        1,
        1,
        1,
        1,
        1,
        1,
        1,
        null,
        1,
        null,
        null,
        0,
        null,
        null,
        null,
        1,
        null,
        1,
        7,
        null,
        null,
        null
      ],
      "/data/home/ubuntu/Desktop/edutechapp-344229-ruby/template-app/app/controllers/bx_block_bulk_uploading/ebook_assigns_controller.rb": [
        1,
        1,
        1,
        null,
        1,
        1,
        1,
        null,
        1,
        1,
        1,
        1,
        1,
        1,
        null,
        null,
        null,
        null,
        null,
        null,
        null,
        null,
        null,
        1,
        null,
        null,
        null
      ],
      "/data/home/ubuntu/Desktop/edutechapp-344229-ruby/template-app/app/controllers/bx_block_bulk_uploading/application_controller.rb": [
        null,
        null,
        1,
        1,
        1,
        null,
        1,
        null,
        1,
        null,
        null,
        null,
        null,
        null,
        null,
        null,
        null,
        null,
        1,
        null,
        1,
        1,
        null,
        null,
        null
      ],
      "/data/home/ubuntu/Desktop/edutechapp-344229-ruby/template-app/app/controllers/bx_block_bulk_uploading/ebooks_controller.rb": [
        1,
        1,
        1,
        null,
        1,
        3,
        3,
        1,
        null,
        2,
        null,
        null,
        null,
        1,
        2,
        null,
        2,
        1,
        1,
        1,
        null,
        null,
        0,
        null,
        null,
        null,
        1,
        null,
        1,
        7,
        null,
        null,
        1,
        2,
        null,
        null,
        null
      ],
      "/data/home/ubuntu/Desktop/edutechapp-344229-ruby/template-app/app/controllers/bx_block_catalogue/study_materials_controller.rb": [
        1,
        1,
        null,
        1,
        4,
        3,
        3,
        3,
        6,
        3,
        3,
        3,
        null,
        3,
        1,
        1,
        1,
        null,
        null,
        null,
        2,
        1,
        1,
        1,
        null,
        null,
        null,
        1,
        null,
        null,
        null,
        null,
        null,
        null,
        1,
        null,
        null,
        null,
        1,
        14,
        14,
        14,
        14,
        14,
        14,
        14,
        14,
        null,
        14,
        14,
        14,
        null,
        4,
        2,
        2,
        2,
        null,
        4,
        null,
        null,
        null,
        4,
        2,
        2,
        2,
        null,
        4,
        null,
        null,
        null,
        4,
        2,
        2,
        2,
        null,
        4,
        null,
        null,
        null,
        null,
        2,
        null,
        null,
        null,
        null,
        null,
        null,
        null,
        null,
        null,
        null,
        1,
        8,
        7,
        7,
        7,
        7,
        null,
        1,
        null,
        null,
        null,
        1,
        8,
        7,
        7,
        7,
        7,
        null,
        1,
        null,
        null,
        null,
        1,
        3,
        3,
        null,
        1,
        null,
        1,
        null,
        1,
        1,
        null,
        0,
        null,
        3,
        1,
        null,
        1,
        null,
        null,
        null,
        null,
        null,
        2,
        null,
        null,
        2,
        null,
        null,
        null,
        null,
        null,
        null,
        null,
        null,
        1,
        1,
        null,
        null,
        1,
        1,
        null,
        null,
        1,
        1,
        null,
        null,
        null,
        1,
        null,
        1,
        1,
        1,
        1,
        null,
        null,
        1,
        null,
        1,
        null,
        null,
        1,
        1,
        1,
        1,
        null,
        null,
        1,
        null,
        null,
        1,
        3,
        null,
        null,
        1,
        51,
        null,
        null,
        null
      ],
      "/data/home/ubuntu/Desktop/edutechapp-344229-ruby/template-app/app/controllers/bx_block_catalogue/application_controller.rb": [
        1,
        1,
        1,
        null,
        1,
        null,
        1,
        null,
        1,
        null,
        1,
        1,
        null,
        null,
        null
      ],
      "/data/home/ubuntu/Desktop/edutechapp-344229-ruby/template-app/app/controllers/bx_block_elasticsearch/search_controller.rb": [
        1,
        1,
        1,
        1,
        null,
        1,
        11,
        null,
        11,
        2,
        2,
        null,
        null,
        9,
        8,
        8,
        null,
        8,
        null,
        5,
        null,
        2,
        null,
        1,
        null,
        null,
        1,
        null,
        null,
        4,
        null,
        null,
        1,
        null,
        1,
        5,
        5,
        5,
        null,
        4,
        null,
        null,
        1,
        2,
        2,
        2,
        null,
        2,
        null,
        null,
        1,
        6,
        0,
        6,
        0,
        6,
        0,
        6,
        0,
        6,
        1,
        5,
        1,
        4,
        1,
        null,
        3,
        null,
        null,
        null,
        1,
        42,
        null,
        null,
        1,
        42,
        null,
        0,
        null,
        null,
        1,
        3,
        3,
        null,
        null,
        1,
        1,
        1,
        null,
        null,
        1,
        2,
        2,
        null,
        null,
        1,
        3,
        null,
        null,
        1,
        1,
        null,
        null,
        1,
        1,
        null,
        null,
        1,
        1,
        null,
        null,
        null,
        1,
        1,
        null,
        null,
        null
      ],
      "/data/home/ubuntu/Desktop/edutechapp-344229-ruby/template-app/app/controllers/bx_block_elasticsearch/application_controller.rb": [
        1,
        1,
        1,
        null,
        null,
        1,
        null,
        1,
        null,
        1,
        0,
        null,
        null,
        null
      ],
      "/data/home/ubuntu/Desktop/edutechapp-344229-ruby/template-app/app/controllers/bx_block_landingpage2/landingpages_controller.rb": [
        1,
        1,
        1,
        1,
        null,
        1,
        5,
        5,
        5,
        5,
        null,
        5,
        5,
        5,
        null,
        5,
        5,
        null,
        5,
        2,
        2,
        null,
        null,
        null,
        5,
        1,
        1,
        null,
        null,
        5,
        1,
        1,
        null,
        null,
        5,
        null,
        null,
        null,
        5,
        4,
        4,
        4,
        4,
        null,
        1,
        null,
        null,
        null,
        1,
        2,
        null,
        2,
        1,
        null,
        1,
        null,
        null,
        null,
        1,
        2,
        2,
        2,
        2,
        2,
        null,
        2,
        1,
        1,
        null,
        null,
        2,
        2,
        null,
        2,
        null,
        0,
        null,
        null,
        null,
        null,
        null,
        2,
        null,
        null,
        1,
        3,
        3,
        3,
        3,
        3,
        null,
        3,
        2,
        2,
        null,
        null,
        3,
        3,
        null,
        3,
        null,
        0,
        null,
        null,
        null,
        null,
        null,
        3,
        null,
        null,
        1,
        2,
        null,
        2,
        1,
        null,
        1,
        null,
        null,
        null,
        1,
        2,
        null,
        2,
        2,
        null,
        null,
        2,
        2,
        3,
        null,
        null,
        2,
        1,
        null,
        1,
        null,
        null,
        null,
        1,
        1,
        null,
        1,
        1,
        null,
        null,
        null,
        1,
        2,
        2,
        null,
        2,
        1,
        null,
        null,
        2,
        2,
        2,
        null,
        2,
        null,
        3,
        null,
        null,
        null,
        null,
        null,
        2,
        2,
        null,
        null,
        1,
        2,
        null,
        2,
        3,
        1,
        null,
        1,
        null,
        null,
        null,
        1,
        2,
        2,
        2,
        2,
        1,
        null,
        1,
        null,
        null,
        null,
        1,
        1,
        1,
        1,
        1,
        1,
        1,
        null,
        1,
        1,
        null,
        null,
        null,
        1,
        null,
        1,
        8,
        null,
        null,
        1,
        5,
        5,
        5,
        null,
        5,
        1,
        null,
        null,
        null,
        null,
        null
      ],
      "/data/home/ubuntu/Desktop/edutechapp-344229-ruby/template-app/app/controllers/bx_block_landingpage2/application_controller.rb": [
        1,
        1,
        1,
        null,
        1,
        null,
        1,
        null,
        1,
        null,
        1,
        0,
        null,
        null,
        null
      ],
      "/data/home/ubuntu/Desktop/edutechapp-344229-ruby/template-app/app/controllers/bx_block_landingpage2/school_admin_landingpages_controller.rb": [
        1,
        1,
        1,
        null,
        1,
        null,
        6,
        6,
        6,
        6,
        6,
        null,
        6,
        4,
        4,
        4,
        4,
        4,
        null,
        8,
        4,
        4,
        4,
        4,
        4,
        4,
        4,
        4,
        4,
        null,
        4,
        null,
        2,
        null,
        0,
        0,
        null,
        null,
        null,
        1,
        8,
        8,
        8,
        8,
        null,
        8,
        7,
        7,
        7,
        12,
        null,
        null,
        null,
        6,
        6,
        6,
        6,
        6,
        6,
        6,
        6,
        6,
        null,
        6,
        null,
        1,
        null,
        null,
        1,
        null,
        null,
        null,
        1,
        6,
        6,
        6,
        6,
        null,
        6,
        4,
        4,
        4,
        4,
        4,
        4,
        4,
        8,
        null,
        4,
        null,
        1,
        null,
        1,
        0,
        null,
        1,
        null,
        null,
        null,
        1,
        null,
        1,
        4,
        null,
        1,
        null,
        1,
        null,
        1,
        null,
        1,
        null,
        null,
        null,
        1,
        6,
        null,
        1,
        null,
        1,
        null,
        1,
        null,
        1,
        null,
        1,
        null,
        1,
        null,
        null,
        null,
        1,
        4,
        null,
        1,
        null,
        1,
        null,
        1,
        null,
        1,
        null,
        null,
        null,
        1,
        60,
        null,
        null,
        1,
        14,
        null,
        null,
        1,
        2,
        null,
        null,
        1,
        8,
        null,
        null,
        1,
        4,
        null,
        null,
        1,
        8,
        8,
        8,
        8,
        8,
        null,
        null,
        1,
        71,
        null,
        0,
        null,
        null,
        1,
        6,
        6,
        2,
        2,
        2,
        null,
        6,
        null,
        null,
        1,
        14,
        14,
        14,
        14,
        14,
        null,
        null,
        1,
        6,
        6,
        2,
        2,
        null,
        6,
        null,
        null,
        1,
        6,
        6,
        2,
        2,
        null,
        6,
        null,
        null,
        1,
        4,
        null,
        null,
        1,
        4,
        null,
        null,
        1,
        2,
        null,
        null,
        1,
        2,
        null,
        null,
        1,
        6,
        null,
        null,
        1,
        1,
        null,
        null,
        1,
        1,
        null,
        null,
        1,
        20,
        null,
        null,
        null
      ],
      "/data/home/ubuntu/Desktop/edutechapp-344229-ruby/template-app/app/controllers/bx_block_landingpage2/student_landingpages_controller.rb": [
        1,
        1,
        1,
        null,
        1,
        3,
        3,
        3,
        null,
        3,
        2,
        null,
        null,
        3,
        1,
        1,
        null,
        null,
        3,
        3,
        null,
        3,
        3,
        3,
        1,
        1,
        null,
        2,
        null,
        null,
        null,
        1,
        2,
        2,
        null,
        2,
        null,
        2,
        1,
        1,
        null,
        1,
        null,
        null,
        null,
        null,
        null,
        1,
        5,
        5,
        5,
        5,
        5,
        null,
        5,
        2,
        2,
        1,
        null,
        1,
        1,
        null,
        null,
        null,
        4,
        null,
        4,
        4,
        2,
        2,
        null,
        null,
        4,
        null,
        4,
        2,
        null,
        2,
        null,
        null,
        null,
        null,
        4,
        2,
        null,
        2,
        null,
        null,
        null,
        1,
        null,
        1,
        2,
        2,
        null,
        null,
        1,
        1,
        null,
        null,
        null,
        null
      ],
      "/data/home/ubuntu/Desktop/edutechapp-344229-ruby/template-app/app/controllers/bx_block_login/logins_controller.rb": [
        1,
        1,
        1,
        6,
        null,
        5,
        5,
        null,
        5,
        null,
        5,
        0,
        null,
        null,
        null,
        null,
        null,
        null,
        5,
        1,
        null,
        null,
        null,
        null,
        null,
[...]
        0,
        0,
        0,
        0,
        0,
        0,
        0,
        0,
        null
      ],
      "/data/home/ubuntu/Desktop/edutechapp-344229-ruby/template-app/app/services/bx_block_navmenu/create.rb": [
        0,
        0,
        0,
        0,
        0,
        null,
        0,
        0,
        0,
        0,
        0,
        0,
        0,
        0,
        0,
        0,
        0,
        0,
        0
      ],
      "/data/home/ubuntu/Desktop/edutechapp-344229-ruby/template-app/app/services/bx_block_contact_us/contact_filter.rb": [
        0,
        0,
        0,
        null,
        0,
        null,
        null,
        null,
        null,
        null,
        null,
        null,
        null,
        null,
        null,
        null,
        null,
        null,
        0,
        0,
        0,
        0,
        0,
        0,
        null,
        0,
        0,
        0,
        0,
        null,
        0,
        null,
        0,
        0,
        0,
        0,
        0,
        0,
        null,
        0,
        0,
        null,
        0,
        0,
        null,
        0,
        0,
        0,
        0,
        0,
        0,
        0,
        0,
        0,
        0,
        0,
        0,
        0,
        null,
        0,
        0,
        0,
        0,
        0,
        null,
        0,
        0,
        0,
        0,
        0
      ],
      "/data/home/ubuntu/Desktop/edutechapp-344229-ruby/template-app/app/services/bx_block_categories/build_categories.rb": [
        null,
        null,
        0,
        0,
        0,
        0,
        0,
        0,
        0,
        0,
        0,
        0,
        0,
        0,
        0,
        0,
        0,
        0,
        0,
        0,
        0,
        0,
        0,
        0,
        0,
        0,
        0,
        0,
        0,
        0,
        0,
        0,
        0,
        0,
        0,
        0,
        0,
        0,
        0,
        0,
        0,
        0,
        0,
        0,
        0,
        0,
        0,
        0,
        0,
        0,
        0,
        0,
        0,
        null,
        0,
        0,
        0,
        0,
        0,
        0,
        0,
        0,
        0,
        0,
        0,
        0,
        0,
        null,
        0,
        null,
        0,
        0,
        0,
        0,
        0,
        0,
        0,
        0,
        0,
        0,
        0,
        0
      ],
      "/data/home/ubuntu/Desktop/edutechapp-344229-ruby/template-app/app/services/bx_block_content_management/audio_podcast_service.rb": [
        0,
        0,
        0,
        null,
        0,
        0,
        0,
        0,
        0,
        0,
        0,
        0,
        null,
        0,
        0,
        0,
        0,
        0,
        0,
        0,
        0,
        0,
        0,
        null,
        0,
        null,
        0,
        0,
        0,
        0,
        0,
        0,
        0,
        0,
        0,
        0,
        0,
        0,
        0,
        0,
        0,
        null,
        0,
        0,
        0
      ],
      "/data/home/ubuntu/Desktop/edutechapp-344229-ruby/template-app/app/services/bx_block_content_management/text_service.rb": [
        0,
        0,
        0,
        0,
        0,
        0,
        0,
        0,
        0,
        0,
        0,
        0,
        0,
        0,
        0,
        0,
        0,
        0,
        0,
        0,
        0,
        0,
        0,
        0,
        null,
        0,
        0,
        0,
        0,
        0,
        0,
        0,
        0,
        0,
        0,
        0,
        0,
        null,
        0,
        null,
        0,
        0,
        0,
        0,
        0,
        0,
        0,
        0,
        0,
        0,
        0,
        0,
        0,
        0,
        0,
        0,
        0,
        0,
        0,
        0,
        null,
        0,
        0,
        0,
        0,
        0,
        0,
        0,
        0,
        0,
        0,
        0,
        null,
        0,
        0,
        0
      ],
      "/data/home/ubuntu/Desktop/edutechapp-344229-ruby/template-app/app/services/bx_block_content_management/build_content_type.rb": [
        0,
        0,
        0,
        null,
        0,
        0,
        0,
        0,
        0,
        0,
        0,
        null,
        0,
        null,
        0,
        0,
        0,
        0,
        0,
        0,
        0,
        0,
        0,
        0,
        0,
        0,
        0,
        null,
        0,
        0,
        0
      ],
      "/data/home/ubuntu/Desktop/edutechapp-344229-ruby/template-app/app/services/bx_block_content_management/bulk_data_import_service.rb": [
        0,
        0,
        0,
        0,
        null,
        0,
        0,
        0,
        0,
        null,
        0,
        0,
        0,
        0,
        0,
        0,
        0,
        0
      ],
      "/data/home/ubuntu/Desktop/edutechapp-344229-ruby/template-app/app/services/bx_block_content_management/sub_category_import_service.rb": [
        null,
        null,
        0,
        0,
        0,
        null,
        0,
        null,
        0,
        0,
        0,
        null,
        0,
        null,
        0,
        0,
        0,
        null,
        0,
        0,
        0,
        0,
        0,
        0,
        0,
        0,
        0,
        0,
        0,
        0,
        0,
        0,
        0,
        0,
        0,
        0,
        0,
        0,
        0,
        0,
        0,
        0,
        0,
        0,
        0,
        0,
        0,
        0,
        0,
        0,
        0,
        0,
        0,
        0,
        null,
        0,
        0,
        0,
        0,
        0,
        0,
        0,
        0,
        0,
        null,
        0,
        null,
        0,
        0,
        0,
        null,
        0,
        0,
        0,
        0,
        0,
        0,
        0,
        0,
        null,
        0,
        null,
        0,
        0,
        0,
        0,
        0,
        0,
        0,
        null,
        0,
        0,
        0
      ],
      "/data/home/ubuntu/Desktop/edutechapp-344229-ruby/template-app/app/services/bx_block_content_management/epub_service.rb": [
        0,
        0,
        0,
        null,
        0,
        0,
        0,
        0,
        0,
        0,
        0,
        0,
        0,
        0,
        0,
        0,
        0,
        0,
        0,
        0,
        0,
        0,
        0,
        0,
        null,
        0,
        null,
        0,
        0,
        0,
        0,
        0,
        0,
        0,
        0,
        0,
        0,
        0,
        0,
        null,
        0,
        0,
        0
      ],
      "/data/home/ubuntu/Desktop/edutechapp-344229-ruby/template-app/app/services/bx_block_content_management/video_service.rb": [
        0,
        0,
        0,
        null,
        0,
        0,
        0,
        0,
        0,
        0,
        0,
        0,
        0,
        0,
        0,
        0,
        0,
        0,
        0,
        0,
        0,
        0,
        0,
        0,
        null,
        0,
        null,
        0,
        0,
        0,
        0,
        0,
        0,
        0,
        0,
        0,
        0,
        0,
        0,
        0,
        0,
        0,
        0,
        0,
        0,
        0,
        0,
        0,
        0
      ],
      "/data/home/ubuntu/Desktop/edutechapp-344229-ruby/template-app/app/services/bx_block_content_management/content_import_service.rb": [
        null,
        null,
        0,
        0,
        0,
        null,
        0,
        null,
        0,
        0,
        0,
        0,
        null,
        0,
        0,
        0,
        null,
        0,
        0,
        0,
        0,
        0,
        0,
        0,
        null,
        0,
        0,
        0,
        0,
        0,
        0,
        0,
        0,
        0,
        null,
        0,
        0,
        0,
        0,
        0,
        0,
        0,
        0,
        0,
        null,
        0,
        0,
        0,
        0,
        0,
        0,
        0,
        0,
        0,
        null,
        0,
        null,
        0,
        0,
        0,
        0,
        0,
        0,
        0,
        null,
        0,
        0,
        0,
        0,
        0,
        0,
        0,
        0,
        0,
        0,
        0,
        0,
        0,
        0,
        0,
        0,
        0,
        0,
        0,
        0,
        0,
        0,
        0
      ],
      "/data/home/ubuntu/Desktop/edutechapp-344229-ruby/template-app/app/services/bx_block_content_management/partner_import_service.rb": [
        null,
        null,
        0,
        0,
        0,
        null,
        0,
        null,
        0,
        0,
        0,
        null,
        0,
        null,
        0,
        null,
        0,
        0,
        0,
        0,
        0,
        0,
        0,
        0,
        0,
        0,
        0,
        0,
        0,
        null,
        0,
        null,
        0,
        0,
        0,
        0,
        0,
        0,
        0,
        0,
        0,
        0,
        0,
        0,
        0,
        null,
        0,
        null,
        0,
        0,
        0,
        0,
        0,
        0,
        0,
        0,
        0,
        0,
        0,
        0,
        0,
        0,
        0,
        null,
        0,
        0,
        0,
        0,
        0,
        0,
        0,
        0,
        0,
        0,
        0,
        0,
        0,
        0,
        0,
        0,
        0,
        0,
        0,
        0,
        0,
        0,
        null,
        0,
        null,
        0,
        0,
        0,
        0,
        0,
        0,
        0,
        0,
        0,
        0,
        0,
        0,
        0,
        0,
        0,
        0,
        0,
        0,
        0,
        0,
        0,
        0,
        0,
        0,
        0,
        0,
        0,
        null,
        0,
        0,
        0
      ],
      "/data/home/ubuntu/Desktop/edutechapp-344229-ruby/template-app/app/services/bx_block_content_management/bulk_upload_service.rb": [
        0,
        null,
        0,
        0,
        0,
        null,
        0,
        0,
        0,
        0,
        0,
        0,
        0,
        0,
        0,
        0,
        0,
        0,
        0,
        0,
        0
      ],
      "/data/home/ubuntu/Desktop/edutechapp-344229-ruby/template-app/app/services/bx_block_content_management/test_service.rb": [
        0,
        0,
        0,
        null,
        0,
        0,
        0,
        0,
        0,
        0,
        0,
        0,
        0,
        0,
        0,
        0,
        0,
        0,
        0,
        0,
        0,
        0,
        0,
        0,
        null,
        0,
        null,
        0,
        0,
        0,
        0,
        0,
        0,
        0,
        0,
        null,
        0,
        0,
        0
      ],
      "/data/home/ubuntu/Desktop/edutechapp-344229-ruby/template-app/app/services/bx_block_content_management/error_tracker.rb": [
        0,
        0,
        0,
        0,
        0,
        null,
        0,
        0,
        0,
        null,
        0,
        0,
        0,
        null,
        0,
        0,
        0,
        null,
        0,
        0,
        0,
        0,
        0
      ],
      "/data/home/ubuntu/Desktop/edutechapp-344229-ruby/template-app/app/services/bx_block_content_management/build_role.rb": [
        0,
        0,
        0,
        0,
        0,
        0
      ],
      "/data/home/ubuntu/Desktop/edutechapp-344229-ruby/template-app/app/services/bx_block_content_management/create_content_service.rb": [
        null,
        null,
        0,
        0,
        null,
        0,
        null,
        0,
        0,
        0,
        0,
        0,
        0,
        0,
        0,
        0,
        0,
        0,
        0,
        0,
        0,
        0,
        0,
        0,
        0,
        0,
        0,
        0,
        0,
        0,
        0,
        0,
        0,
        0,
        0,
        0,
        0,
        0,
        0,
        0,
        0,
        0,
        0,
        0,
        0,
        0,
        0,
        0,
        0,
        0,
        0,
        0,
        0,
        0,
        0,
        0,
        0,
        0,
        0,
        0,
        0,
        0,
        0,
        0,
        0,
        0,
        0,
        0,
        0,
        0,
        0,
        0,
        0,
        0,
        0,
        0,
        0,
        0,
        0,
        0,
        0,
        0,
        0,
        0,
        0,
        0,
        0,
        0,
        0,
        null,
        0,
        null,
        0,
        0,
        0,
        0,
        0,
        0,
        0,
        0,
        0,
        0,
        0,
        0,
        0,
        0
      ],
      "/data/home/ubuntu/Desktop/edutechapp-344229-ruby/template-app/app/services/bx_block_content_management/live_stream_service.rb": [
        0,
        0,
        0,
        null,
        0,
        0,
        null,
        0,
        0,
        0,
        0,
        0,
        0,
        0,
        0,
        0,
        0,
        0,
        0,
        0,
        0,
        0,
        0,
        0,
        0,
        null,
        0,
        null,
        0,
        0,
        0,
        0,
        0,
        0,
        0,
        0,
        0,
        0,
        0,
        0,
        null,
        0,
        0,
        0
      ],
      "/data/home/ubuntu/Desktop/edutechapp-344229-ruby/template-app/app/services/bx_block_content_management/base.rb": [
        0,
        0,
        0,
        null,
        0,
        0,
        null,
        0,
        null,
        0,
        0,
        0,
        0,
        0,
        0,
        0,
        null,
        0,
        0,
        0,
        0,
        0,
        0,
        0,
        0,
        null,
        0,
        0,
        0,
        0,
        0,
        0,
        null,
        0,
        0,
        0,
        null,
        0,
        0,
        0,
        null,
        0,
        0,
        0,
        null,
        0,
        0,
        0,
        0,
        0,
        null,
        0,
        0,
        0,
        0,
        0,
        0,
        null,
        0,
        0,
        0,
        null,
        0,
        0,
        0,
        null,
        0,
        0,
        0,
        0,
        0,
        0,
        0,
        0,
        0,
        0,
        0,
        0,
        0,
        null,
        0,
        0,
        0,
        null,
        0,
        0,
        0,
        0,
        0,
        0
      ],
      "/data/home/ubuntu/Desktop/edutechapp-344229-ruby/template-app/app/services/bx_block_content_management/category_import_service.rb": [
        null,
        null,
        0,
        0,
        0,
        null,
        0,
        null,
        0,
        0,
        0,
        null,
        0,
        0,
        null,
        0,
        0,
        0,
        0,
        0,
        0,
        null,
        0,
        0,
        0,
        0,
        0,
        0,
        0,
        0,
        0,
        null,
        0,
        0,
        0,
        0,
        0,
        0,
        0,
        null,
        0,
        null,
        0,
        0,
        0,
        0,
        0,
        0,
        null,
        0,
        0,
        0
      ],
      "/data/home/ubuntu/Desktop/edutechapp-344229-ruby/template-app/app/services/bx_block_content_management/interface.rb": [
        0,
        0,
        0,
        0,
        0,
        0,
        0,
        0,
        0,
        0,
        0
      ],
      "/data/home/ubuntu/Desktop/edutechapp-344229-ruby/template-app/app/services/bx_block_sms/send_sms.rb": [
        0,
        0,
        0,
        null,
        0,
        0,
        0,
        0,
        null,
        0,
        0,
        0,
        0,
        0
      ],
      "/data/home/ubuntu/Desktop/edutechapp-344229-ruby/template-app/app/services/bx_block_sms/providers/karix.rb": [
        0,
        0,
        null,
        0,
        0,
        0,
        0,
        0,
        0,
        0,
        null,
        0,
        null,
        0,
        0,
        0,
        0,
        0,
        0,
        0,
        0,
        0,
        0,
        0,
        0,
        null,
        0,
        0,
        0,
        0,
        0,
        0,
        null,
        0,
        0,
        0,
        0,
        0,
        0,
        0,
        0,
        0,
        0,
        null,
        0,
        0,
        0,
        null,
        0,
        0,
        0,
        0,
        0,
        0,
        0
      ],
      "/data/home/ubuntu/Desktop/edutechapp-344229-ruby/template-app/app/services/bx_block_sms/providers/twilio.rb": [
        0,
        0,
        0,
        0,
        0,
        0,
        0,
        0,
        0,
        0,
        0,
        0,
        null,
        0,
        0,
        0,
        null,
        0,
        0,
        0,
        null,
        0,
        0,
        0,
        0,
        0,
        0,
        0
      ],
      "/data/home/ubuntu/Desktop/edutechapp-344229-ruby/template-app/app/services/bx_block_sms/providers/test.rb": [
        0,
        0,
        0,
        0,
        0,
        0,
        0,
        null,
        0,
        0,
        0,
        null,
        0,
        0,
        0,
        0,
        0,
        0,
        0,
        0,
        0,
        0,
        0
      ],
      "/data/home/ubuntu/Desktop/edutechapp-344229-ruby/template-app/app/services/bx_block_sms/provider.rb": [
        0,
        0,
        0,
        0,
        0,
        null,
        0,
        null,
        0,
        0,
        0,
        0,
        0,
        0,
        0,
        0,
        0,
        0,
        0,
        0,
        null,
        0,
        0,
        null,
        0,
        0,
        0,
        null,
        0,
        0,
        0,
        0,
        0,
        0,
        0,
        0,
        0,
        0,
        0
      ],
      "/data/home/ubuntu/Desktop/edutechapp-344229-ruby/template-app/app/services/bx_block_appointment_management/time_slots_calculator.rb": [
        0,
        0,
        0,
        0,
        0,
        0,
        0,
        0,
        0,
        0,
        0,
        0,
        0,
        0,
        0,
        0,
        0,
        0,
        0,
        0,
        0,
        0,
        0,
        0
      ],
      "/data/home/ubuntu/Desktop/edutechapp-344229-ruby/template-app/app/services/bx_block_posts/update.rb": [
        0,
        0,
        0,
        0,
        0,
        0,
        null,
        0,
        0,
        0,
        0,
        0,
        0,
        0
      ],
      "/data/home/ubuntu/Desktop/edutechapp-344229-ruby/template-app/app/services/bx_block_posts/create.rb": [
        0,
        0,
        0,
        0,
        0,
        0,
        null,
        0,
        0,
        0,
        0,
        0,
        0,
        0
      ],
      "/data/home/ubuntu/Desktop/edutechapp-344229-ruby/template-app/app/services/bx_block_stripe_integration/create_payment_method.rb": [
        0,
        0,
        0,
        0,
        0,
        null,
        0,
        0,
        0,
        0,
        null,
        0,
        0,
        0,
        0,
        0,
        0,
        0,
        0
      ],
      "/data/home/ubuntu/Desktop/edutechapp-344229-ruby/template-app/app/services/bx_block_stripe_integration/attach_payment_method.rb": [
        0,
        0,
        0,
        0,
        0,
        0,
        null,
        0,
        0,
        0,
        0,
        0,
        0,
        0,
        0,
        0,
        0
      ]
    },
    "timestamp": 1709222883
  }
}
